This file contains any messages produced by compilers while
running configure, to aid debugging if configure makes a mistake.

It was created by TheForgottenServer configure 0.4, which was
generated by GNU Autoconf 2.67.  Invocation command line was

  $ ./configure --enable-server-diag --enable-mysql

## --------- ##
## Platform. ##
## --------- ##

hostname = s114
uname -m = i686
uname -r = 2.6.32-5-686-bigmem
uname -s = Linux
uname -v = #1 SMP Fri Sep 9 21:28:24 UTC 2011

/usr/bin/uname -p = unknown
/bin/uname -X     = unknown

/bin/arch              = unknown
/usr/bin/arch -k       = unknown
/usr/convex/getsysinfo = unknown
/usr/bin/hostinfo      = unknown
/bin/machine           = unknown
/usr/bin/oslevel       = unknown
/bin/universe          = unknown

PATH: /usr/local/sbin
PATH: /usr/local/bin
PATH: /usr/sbin
PATH: /usr/bin
PATH: /sbin
PATH: /bin


## ----------- ##
## Core tests. ##
## ----------- ##

configure:2385: checking for a BSD-compatible install
configure:2453: result: /usr/bin/install -c
configure:2464: checking whether build environment is sane
configure:2514: result: yes
configure:2655: checking for a thread-safe mkdir -p
configure:2694: result: /bin/mkdir -p
configure:2707: checking for gawk
configure:2723: found /usr/bin/gawk
configure:2734: result: gawk
configure:2745: checking whether make sets $(MAKE)
configure:2767: result: yes
configure:2909: checking for g++
configure:2925: found /usr/bin/g++
configure:2936: result: g++
configure:2963: checking for C++ compiler version
configure:2972: g++ --version >&5
g++ (Debian 4.4.5-8) 4.4.5
Copyright (C) 2010 Free Software Foundation, Inc.
This is free software; see the source for copying conditions.  There is NO
warranty; not even for MERCHANTABILITY or FITNESS FOR A PARTICULAR PURPOSE.

configure:2983: $? = 0
configure:2972: g++ -v >&5
Using built-in specs.
Target: i486-linux-gnu
Configured with: ../src/configure -v --with-pkgversion='Debian 4.4.5-8' --with-bugurl=file:///usr/share/doc/gcc-4.4/README.Bugs --enable-languages=c,c++,fortran,objc,obj-c++ --prefix=/usr --program-suffix=-4.4 --enable-shared --enable-multiarch --enable-linker-build-id --with-system-zlib --libexecdir=/usr/lib --without-included-gettext --enable-threads=posix --with-gxx-include-dir=/usr/include/c++/4.4 --libdir=/usr/lib --enable-nls --enable-clocale=gnu --enable-libstdcxx-debug --enable-objc-gc --enable-targets=all --with-arch-32=i586 --with-tune=generic --enable-checking=release --build=i486-linux-gnu --host=i486-linux-gnu --target=i486-linux-gnu
Thread model: posix
gcc version 4.4.5 (Debian 4.4.5-8) 
configure:2983: $? = 0
configure:2972: g++ -V >&5
g++: '-V' option must have argument
configure:2983: $? = 1
configure:2972: g++ -qversion >&5
g++: unrecognized option '-qversion'
g++: no input files
configure:2983: $? = 1
configure:3003: checking whether the C++ compiler works
configure:3025: g++    conftest.cpp  >&5
configure:3029: $? = 0
configure:3077: result: yes
configure:3080: checking for C++ compiler default output file name
configure:3082: result: a.out
configure:3088: checking for suffix of executables
configure:3095: g++ -o conftest    conftest.cpp  >&5
configure:3099: $? = 0
configure:3121: result: 
configure:3143: checking whether we are cross compiling
configure:3151: g++ -o conftest    conftest.cpp  >&5
configure:3155: $? = 0
configure:3162: ./conftest
configure:3166: $? = 0
configure:3181: result: no
configure:3186: checking for suffix of object files
configure:3208: g++ -c   conftest.cpp >&5
configure:3212: $? = 0
configure:3233: result: o
configure:3237: checking whether we are using the GNU C++ compiler
configure:3256: g++ -c   conftest.cpp >&5
configure:3256: $? = 0
configure:3265: result: yes
configure:3274: checking whether g++ accepts -g
configure:3294: g++ -c -g  conftest.cpp >&5
configure:3294: $? = 0
configure:3335: result: yes
configure:3369: checking for style of include used by make
configure:3397: result: GNU
configure:3422: checking dependency style of g++
configure:3532: result: gcc3
configure:3781: checking how to run the C++ preprocessor
configure:3808: g++ -E  conftest.cpp
configure:3808: $? = 0
configure:3822: g++ -E  conftest.cpp
conftest.cpp:11:28: error: ac_nonexistent.h: No such file or directory
configure:3822: $? = 1
configure: failed program was:
| /* confdefs.h */
| #define PACKAGE_NAME "TheForgottenServer"
| #define PACKAGE_TARNAME "theforgottenserver"
| #define PACKAGE_VERSION "0.4"
| #define PACKAGE_STRING "TheForgottenServer 0.4"
| #define PACKAGE_BUGREPORT ""
| #define PACKAGE_URL ""
| #define PACKAGE "theforgottenserver"
| #define VERSION "0.4"
| /* end confdefs.h.  */
| #include <ac_nonexistent.h>
configure:3847: result: g++ -E
configure:3867: g++ -E  conftest.cpp
configure:3867: $? = 0
configure:3881: g++ -E  conftest.cpp
conftest.cpp:11:28: error: ac_nonexistent.h: No such file or directory
configure:3881: $? = 1
configure: failed program was:
| /* confdefs.h */
| #define PACKAGE_NAME "TheForgottenServer"
| #define PACKAGE_TARNAME "theforgottenserver"
| #define PACKAGE_VERSION "0.4"
| #define PACKAGE_STRING "TheForgottenServer 0.4"
| #define PACKAGE_BUGREPORT ""
| #define PACKAGE_URL ""
| #define PACKAGE "theforgottenserver"
| #define VERSION "0.4"
| /* end confdefs.h.  */
| #include <ac_nonexistent.h>
configure:3910: checking for grep that handles long lines and -e
configure:3968: result: /bin/grep
configure:3973: checking for egrep
configure:4035: result: /bin/grep -E
configure:4040: checking for ANSI C header files
configure:4060: g++ -c -g -O2  conftest.cpp >&5
configure:4060: $? = 0
configure:4133: g++ -o conftest -g -O2   conftest.cpp  >&5
configure:4133: $? = 0
configure:4133: ./conftest
configure:4133: $? = 0
configure:4144: result: yes
configure:4157: checking for sys/types.h
configure:4157: g++ -c -g -O2  conftest.cpp >&5
configure:4157: $? = 0
configure:4157: result: yes
configure:4157: checking for sys/stat.h
configure:4157: g++ -c -g -O2  conftest.cpp >&5
configure:4157: $? = 0
configure:4157: result: yes
configure:4157: checking for stdlib.h
configure:4157: g++ -c -g -O2  conftest.cpp >&5
configure:4157: $? = 0
configure:4157: result: yes
configure:4157: checking for string.h
configure:4157: g++ -c -g -O2  conftest.cpp >&5
configure:4157: $? = 0
configure:4157: result: yes
configure:4157: checking for memory.h
configure:4157: g++ -c -g -O2  conftest.cpp >&5
configure:4157: $? = 0
configure:4157: result: yes
configure:4157: checking for strings.h
configure:4157: g++ -c -g -O2  conftest.cpp >&5
configure:4157: $? = 0
configure:4157: result: yes
configure:4157: checking for inttypes.h
configure:4157: g++ -c -g -O2  conftest.cpp >&5
configure:4157: $? = 0
configure:4157: result: yes
configure:4157: checking for stdint.h
configure:4157: g++ -c -g -O2  conftest.cpp >&5
configure:4157: $? = 0
configure:4157: result: yes
configure:4157: checking for unistd.h
configure:4157: g++ -c -g -O2  conftest.cpp >&5
configure:4157: $? = 0
configure:4157: result: yes
configure:4172: checking arpa/inet.h usability
configure:4172: g++ -c -g -O2  conftest.cpp >&5
configure:4172: $? = 0
configure:4172: result: yes
configure:4172: checking arpa/inet.h presence
configure:4172: g++ -E  conftest.cpp
configure:4172: $? = 0
configure:4172: result: yes
configure:4172: checking for arpa/inet.h
configure:4172: result: yes
configure:4172: checking netdb.h usability
configure:4172: g++ -c -g -O2  conftest.cpp >&5
configure:4172: $? = 0
configure:4172: result: yes
configure:4172: checking netdb.h presence
configure:4172: g++ -E  conftest.cpp
configure:4172: $? = 0
configure:4172: result: yes
configure:4172: checking for netdb.h
configure:4172: result: yes
configure:4172: checking netinet/in.h usability
configure:4172: g++ -c -g -O2  conftest.cpp >&5
configure:4172: $? = 0
configure:4172: result: yes
configure:4172: checking netinet/in.h presence
configure:4172: g++ -E  conftest.cpp
configure:4172: $? = 0
configure:4172: result: yes
configure:4172: checking for netinet/in.h
configure:4172: result: yes
configure:4172: checking stddef.h usability
configure:4172: g++ -c -g -O2  conftest.cpp >&5
configure:4172: $? = 0
configure:4172: result: yes
configure:4172: checking stddef.h presence
configure:4172: g++ -E  conftest.cpp
configure:4172: $? = 0
configure:4172: result: yes
configure:4172: checking for stddef.h
configure:4172: result: yes
configure:4172: checking for stdint.h
configure:4172: result: yes
configure:4172: checking for stdlib.h
configure:4172: result: yes
configure:4172: checking sys/socket.h usability
configure:4172: g++ -c -g -O2  conftest.cpp >&5
configure:4172: $? = 0
configure:4172: result: yes
configure:4172: checking sys/socket.h presence
configure:4172: g++ -E  conftest.cpp
configure:4172: $? = 0
configure:4172: result: yes
configure:4172: checking for sys/socket.h
configure:4172: result: yes
configure:4172: checking sys/timeb.h usability
configure:4172: g++ -c -g -O2  conftest.cpp >&5
configure:4172: $? = 0
configure:4172: result: yes
configure:4172: checking sys/timeb.h presence
configure:4172: g++ -E  conftest.cpp
configure:4172: $? = 0
configure:4172: result: yes
configure:4172: checking for sys/timeb.h
configure:4172: result: yes
configure:4184: checking for stdbool.h that conforms to C99
configure:4269: g++ -c -g -O2  conftest.cpp >&5
configure:4269: $? = 0
configure:4276: result: yes
configure:4278: checking for _Bool
configure:4278: g++ -c -g -O2  conftest.cpp >&5
conftest.cpp: In function 'int main()':
conftest.cpp:65: error: '_Bool' was not declared in this scope
configure:4278: $? = 1
configure: failed program was:
| /* confdefs.h */
| #define PACKAGE_NAME "TheForgottenServer"
| #define PACKAGE_TARNAME "theforgottenserver"
| #define PACKAGE_VERSION "0.4"
| #define PACKAGE_STRING "TheForgottenServer 0.4"
| #define PACKAGE_BUGREPORT ""
| #define PACKAGE_URL ""
| #define PACKAGE "theforgottenserver"
| #define VERSION "0.4"
| #define STDC_HEADERS 1
| #define HAVE_SYS_TYPES_H 1
| #define HAVE_SYS_STAT_H 1
| #define HAVE_STDLIB_H 1
| #define HAVE_STRING_H 1
| #define HAVE_MEMORY_H 1
| #define HAVE_STRINGS_H 1
| #define HAVE_INTTYPES_H 1
| #define HAVE_STDINT_H 1
| #define HAVE_UNISTD_H 1
| #define HAVE_ARPA_INET_H 1
| #define HAVE_NETDB_H 1
| #define HAVE_NETINET_IN_H 1
| #define HAVE_STDDEF_H 1
| #define HAVE_STDINT_H 1
| #define HAVE_STDLIB_H 1
| #define HAVE_SYS_SOCKET_H 1
| #define HAVE_SYS_TIMEB_H 1
| /* end confdefs.h.  */
| #include <stdio.h>
| #ifdef HAVE_SYS_TYPES_H
| # include <sys/types.h>
| #endif
| #ifdef HAVE_SYS_STAT_H
| # include <sys/stat.h>
| #endif
| #ifdef STDC_HEADERS
| # include <stdlib.h>
| # include <stddef.h>
| #else
| # ifdef HAVE_STDLIB_H
| #  include <stdlib.h>
| # endif
| #endif
| #ifdef HAVE_STRING_H
| # if !defined STDC_HEADERS && defined HAVE_MEMORY_H
| #  include <memory.h>
| # endif
| # include <string.h>
| #endif
| #ifdef HAVE_STRINGS_H
| # include <strings.h>
| #endif
| #ifdef HAVE_INTTYPES_H
| # include <inttypes.h>
| #endif
| #ifdef HAVE_STDINT_H
| # include <stdint.h>
| #endif
| #ifdef HAVE_UNISTD_H
| # include <unistd.h>
| #endif
| int
| main ()
| {
| if (sizeof (_Bool))
| 	 return 0;
|   ;
|   return 0;
| }
configure:4278: result: no
configure:4294: checking for an ANSI C-conforming const
configure:4359: g++ -c -g -O2  conftest.cpp >&5
configure:4359: $? = 0
configure:4366: result: yes
configure:4374: checking for inline
configure:4390: g++ -c -g -O2  conftest.cpp >&5
configure:4390: $? = 0
configure:4398: result: inline
configure:4416: checking for int16_t
configure:4416: g++ -c -g -O2  conftest.cpp >&5
configure:4416: $? = 0
configure:4416: g++ -c -g -O2  conftest.cpp >&5
conftest.cpp: In function 'int main()':
conftest.cpp:68: error: size of array 'test_array' is negative
configure:4416: $? = 1
configure: failed program was:
| /* confdefs.h */
| #define PACKAGE_NAME "TheForgottenServer"
| #define PACKAGE_TARNAME "theforgottenserver"
| #define PACKAGE_VERSION "0.4"
| #define PACKAGE_STRING "TheForgottenServer 0.4"
| #define PACKAGE_BUGREPORT ""
| #define PACKAGE_URL ""
| #define PACKAGE "theforgottenserver"
| #define VERSION "0.4"
| #define STDC_HEADERS 1
| #define HAVE_SYS_TYPES_H 1
| #define HAVE_SYS_STAT_H 1
| #define HAVE_STDLIB_H 1
| #define HAVE_STRING_H 1
| #define HAVE_MEMORY_H 1
| #define HAVE_STRINGS_H 1
| #define HAVE_INTTYPES_H 1
| #define HAVE_STDINT_H 1
| #define HAVE_UNISTD_H 1
| #define HAVE_ARPA_INET_H 1
| #define HAVE_NETDB_H 1
| #define HAVE_NETINET_IN_H 1
| #define HAVE_STDDEF_H 1
| #define HAVE_STDINT_H 1
| #define HAVE_STDLIB_H 1
| #define HAVE_SYS_SOCKET_H 1
| #define HAVE_SYS_TIMEB_H 1
| #define HAVE_STDBOOL_H 1
| /* end confdefs.h.  */
| #include <stdio.h>
| #ifdef HAVE_SYS_TYPES_H
| # include <sys/types.h>
| #endif
| #ifdef HAVE_SYS_STAT_H
| # include <sys/stat.h>
| #endif
| #ifdef STDC_HEADERS
| # include <stdlib.h>
| # include <stddef.h>
| #else
| # ifdef HAVE_STDLIB_H
| #  include <stdlib.h>
| # endif
| #endif
| #ifdef HAVE_STRING_H
| # if !defined STDC_HEADERS && defined HAVE_MEMORY_H
| #  include <memory.h>
| # endif
| # include <string.h>
| #endif
| #ifdef HAVE_STRINGS_H
| # include <strings.h>
| #endif
| #ifdef HAVE_INTTYPES_H
| # include <inttypes.h>
| #endif
| #ifdef HAVE_STDINT_H
| # include <stdint.h>
| #endif
| #ifdef HAVE_UNISTD_H
| # include <unistd.h>
| #endif
| 	        enum { N = 16 / 2 - 1 };
| int
| main ()
| {
| static int test_array [1 - 2 * !((int16_t) (((((int16_t) 1 << N) << N) - 1) * 2 + 1)
| 		 < (int16_t) (((((int16_t) 1 << N) << N) - 1) * 2 + 2))];
| test_array [0] = 0
| 
|   ;
|   return 0;
| }
configure:4416: result: yes
configure:4427: checking for int32_t
configure:4427: g++ -c -g -O2  conftest.cpp >&5
configure:4427: $? = 0
configure:4427: g++ -c -g -O2  conftest.cpp >&5
conftest.cpp: In function 'int main()':
conftest.cpp:68: warning: integer overflow in expression
conftest.cpp:68: error: size of array 'test_array' is negative
configure:4427: $? = 1
configure: failed program was:
| /* confdefs.h */
| #define PACKAGE_NAME "TheForgottenServer"
| #define PACKAGE_TARNAME "theforgottenserver"
| #define PACKAGE_VERSION "0.4"
| #define PACKAGE_STRING "TheForgottenServer 0.4"
| #define PACKAGE_BUGREPORT ""
| #define PACKAGE_URL ""
| #define PACKAGE "theforgottenserver"
| #define VERSION "0.4"
| #define STDC_HEADERS 1
| #define HAVE_SYS_TYPES_H 1
| #define HAVE_SYS_STAT_H 1
| #define HAVE_STDLIB_H 1
| #define HAVE_STRING_H 1
| #define HAVE_MEMORY_H 1
| #define HAVE_STRINGS_H 1
| #define HAVE_INTTYPES_H 1
| #define HAVE_STDINT_H 1
| #define HAVE_UNISTD_H 1
| #define HAVE_ARPA_INET_H 1
| #define HAVE_NETDB_H 1
| #define HAVE_NETINET_IN_H 1
| #define HAVE_STDDEF_H 1
| #define HAVE_STDINT_H 1
| #define HAVE_STDLIB_H 1
| #define HAVE_SYS_SOCKET_H 1
| #define HAVE_SYS_TIMEB_H 1
| #define HAVE_STDBOOL_H 1
| /* end confdefs.h.  */
| #include <stdio.h>
| #ifdef HAVE_SYS_TYPES_H
| # include <sys/types.h>
| #endif
| #ifdef HAVE_SYS_STAT_H
| # include <sys/stat.h>
| #endif
| #ifdef STDC_HEADERS
| # include <stdlib.h>
| # include <stddef.h>
| #else
| # ifdef HAVE_STDLIB_H
| #  include <stdlib.h>
| # endif
| #endif
| #ifdef HAVE_STRING_H
| # if !defined STDC_HEADERS && defined HAVE_MEMORY_H
| #  include <memory.h>
| # endif
| # include <string.h>
| #endif
| #ifdef HAVE_STRINGS_H
| # include <strings.h>
| #endif
| #ifdef HAVE_INTTYPES_H
| # include <inttypes.h>
| #endif
| #ifdef HAVE_STDINT_H
| # include <stdint.h>
| #endif
| #ifdef HAVE_UNISTD_H
| # include <unistd.h>
| #endif
| 	        enum { N = 32 / 2 - 1 };
| int
| main ()
| {
| static int test_array [1 - 2 * !((int32_t) (((((int32_t) 1 << N) << N) - 1) * 2 + 1)
| 		 < (int32_t) (((((int32_t) 1 << N) << N) - 1) * 2 + 2))];
| test_array [0] = 0
| 
|   ;
|   return 0;
| }
configure:4427: result: yes
configure:4438: checking for int64_t
configure:4438: g++ -c -g -O2  conftest.cpp >&5
configure:4438: $? = 0
configure:4438: g++ -c -g -O2  conftest.cpp >&5
conftest.cpp: In function 'int main()':
conftest.cpp:68: warning: integer overflow in expression
conftest.cpp:68: error: size of array 'test_array' is negative
configure:4438: $? = 1
configure: failed program was:
| /* confdefs.h */
| #define PACKAGE_NAME "TheForgottenServer"
| #define PACKAGE_TARNAME "theforgottenserver"
| #define PACKAGE_VERSION "0.4"
| #define PACKAGE_STRING "TheForgottenServer 0.4"
| #define PACKAGE_BUGREPORT ""
| #define PACKAGE_URL ""
| #define PACKAGE "theforgottenserver"
| #define VERSION "0.4"
| #define STDC_HEADERS 1
| #define HAVE_SYS_TYPES_H 1
| #define HAVE_SYS_STAT_H 1
| #define HAVE_STDLIB_H 1
| #define HAVE_STRING_H 1
| #define HAVE_MEMORY_H 1
| #define HAVE_STRINGS_H 1
| #define HAVE_INTTYPES_H 1
| #define HAVE_STDINT_H 1
| #define HAVE_UNISTD_H 1
| #define HAVE_ARPA_INET_H 1
| #define HAVE_NETDB_H 1
| #define HAVE_NETINET_IN_H 1
| #define HAVE_STDDEF_H 1
| #define HAVE_STDINT_H 1
| #define HAVE_STDLIB_H 1
| #define HAVE_SYS_SOCKET_H 1
| #define HAVE_SYS_TIMEB_H 1
| #define HAVE_STDBOOL_H 1
| /* end confdefs.h.  */
| #include <stdio.h>
| #ifdef HAVE_SYS_TYPES_H
| # include <sys/types.h>
| #endif
| #ifdef HAVE_SYS_STAT_H
| # include <sys/stat.h>
| #endif
| #ifdef STDC_HEADERS
| # include <stdlib.h>
| # include <stddef.h>
| #else
| # ifdef HAVE_STDLIB_H
| #  include <stdlib.h>
| # endif
| #endif
| #ifdef HAVE_STRING_H
| # if !defined STDC_HEADERS && defined HAVE_MEMORY_H
| #  include <memory.h>
| # endif
| # include <string.h>
| #endif
| #ifdef HAVE_STRINGS_H
| # include <strings.h>
| #endif
| #ifdef HAVE_INTTYPES_H
| # include <inttypes.h>
| #endif
| #ifdef HAVE_STDINT_H
| # include <stdint.h>
| #endif
| #ifdef HAVE_UNISTD_H
| # include <unistd.h>
| #endif
| 	        enum { N = 64 / 2 - 1 };
| int
| main ()
| {
| static int test_array [1 - 2 * !((int64_t) (((((int64_t) 1 << N) << N) - 1) * 2 + 1)
| 		 < (int64_t) (((((int64_t) 1 << N) << N) - 1) * 2 + 2))];
| test_array [0] = 0
| 
|   ;
|   return 0;
| }
configure:4438: result: yes
configure:4449: checking for size_t
configure:4449: g++ -c -g -O2  conftest.cpp >&5
configure:4449: $? = 0
configure:4449: g++ -c -g -O2  conftest.cpp >&5
conftest.cpp: In function 'int main()':
conftest.cpp:66: error: expected primary-expression before ')' token
configure:4449: $? = 1
configure: failed program was:
| /* confdefs.h */
| #define PACKAGE_NAME "TheForgottenServer"
| #define PACKAGE_TARNAME "theforgottenserver"
| #define PACKAGE_VERSION "0.4"
| #define PACKAGE_STRING "TheForgottenServer 0.4"
| #define PACKAGE_BUGREPORT ""
| #define PACKAGE_URL ""
| #define PACKAGE "theforgottenserver"
| #define VERSION "0.4"
| #define STDC_HEADERS 1
| #define HAVE_SYS_TYPES_H 1
| #define HAVE_SYS_STAT_H 1
| #define HAVE_STDLIB_H 1
| #define HAVE_STRING_H 1
| #define HAVE_MEMORY_H 1
| #define HAVE_STRINGS_H 1
| #define HAVE_INTTYPES_H 1
| #define HAVE_STDINT_H 1
| #define HAVE_UNISTD_H 1
| #define HAVE_ARPA_INET_H 1
| #define HAVE_NETDB_H 1
| #define HAVE_NETINET_IN_H 1
| #define HAVE_STDDEF_H 1
| #define HAVE_STDINT_H 1
| #define HAVE_STDLIB_H 1
| #define HAVE_SYS_SOCKET_H 1
| #define HAVE_SYS_TIMEB_H 1
| #define HAVE_STDBOOL_H 1
| /* end confdefs.h.  */
| #include <stdio.h>
| #ifdef HAVE_SYS_TYPES_H
| # include <sys/types.h>
| #endif
| #ifdef HAVE_SYS_STAT_H
| # include <sys/stat.h>
| #endif
| #ifdef STDC_HEADERS
| # include <stdlib.h>
| # include <stddef.h>
| #else
| # ifdef HAVE_STDLIB_H
| #  include <stdlib.h>
| # endif
| #endif
| #ifdef HAVE_STRING_H
| # if !defined STDC_HEADERS && defined HAVE_MEMORY_H
| #  include <memory.h>
| # endif
| # include <string.h>
| #endif
| #ifdef HAVE_STRINGS_H
| # include <strings.h>
| #endif
| #ifdef HAVE_INTTYPES_H
| # include <inttypes.h>
| #endif
| #ifdef HAVE_STDINT_H
| # include <stdint.h>
| #endif
| #ifdef HAVE_UNISTD_H
| # include <unistd.h>
| #endif
| int
| main ()
| {
| if (sizeof ((size_t)))
| 	    return 0;
|   ;
|   return 0;
| }
configure:4449: result: yes
configure:4460: checking whether struct tm is in sys/time.h or time.h
configure:4480: g++ -c -g -O2  conftest.cpp >&5
configure:4480: $? = 0
configure:4487: result: time.h
configure:4495: checking for uint16_t
configure:4495: g++ -c -g -O2  conftest.cpp >&5
configure:4495: $? = 0
configure:4495: result: yes
configure:4507: checking for uint32_t
configure:4507: g++ -c -g -O2  conftest.cpp >&5
configure:4507: $? = 0
configure:4507: result: yes
configure:4521: checking for uint64_t
configure:4521: g++ -c -g -O2  conftest.cpp >&5
configure:4521: $? = 0
configure:4521: result: yes
configure:4535: checking for uint8_t
configure:4535: g++ -c -g -O2  conftest.cpp >&5
configure:4535: $? = 0
configure:4535: result: yes
configure:4549: checking for ptrdiff_t
configure:4549: g++ -c -g -O2  conftest.cpp >&5
configure:4549: $? = 0
configure:4549: g++ -c -g -O2  conftest.cpp >&5
conftest.cpp: In function 'int main()':
conftest.cpp:66: error: expected primary-expression before ')' token
configure:4549: $? = 1
configure: failed program was:
| /* confdefs.h */
| #define PACKAGE_NAME "TheForgottenServer"
| #define PACKAGE_TARNAME "theforgottenserver"
| #define PACKAGE_VERSION "0.4"
| #define PACKAGE_STRING "TheForgottenServer 0.4"
| #define PACKAGE_BUGREPORT ""
| #define PACKAGE_URL ""
| #define PACKAGE "theforgottenserver"
| #define VERSION "0.4"
| #define STDC_HEADERS 1
| #define HAVE_SYS_TYPES_H 1
| #define HAVE_SYS_STAT_H 1
| #define HAVE_STDLIB_H 1
| #define HAVE_STRING_H 1
| #define HAVE_MEMORY_H 1
| #define HAVE_STRINGS_H 1
| #define HAVE_INTTYPES_H 1
| #define HAVE_STDINT_H 1
| #define HAVE_UNISTD_H 1
| #define HAVE_ARPA_INET_H 1
| #define HAVE_NETDB_H 1
| #define HAVE_NETINET_IN_H 1
| #define HAVE_STDDEF_H 1
| #define HAVE_STDINT_H 1
| #define HAVE_STDLIB_H 1
| #define HAVE_SYS_SOCKET_H 1
| #define HAVE_SYS_TIMEB_H 1
| #define HAVE_STDBOOL_H 1
| /* end confdefs.h.  */
| #include <stdio.h>
| #ifdef HAVE_SYS_TYPES_H
| # include <sys/types.h>
| #endif
| #ifdef HAVE_SYS_STAT_H
| # include <sys/stat.h>
| #endif
| #ifdef STDC_HEADERS
| # include <stdlib.h>
| # include <stddef.h>
| #else
| # ifdef HAVE_STDLIB_H
| #  include <stdlib.h>
| # endif
| #endif
| #ifdef HAVE_STRING_H
| # if !defined STDC_HEADERS && defined HAVE_MEMORY_H
| #  include <memory.h>
| # endif
| # include <string.h>
| #endif
| #ifdef HAVE_STRINGS_H
| # include <strings.h>
| #endif
| #ifdef HAVE_INTTYPES_H
| # include <inttypes.h>
| #endif
| #ifdef HAVE_STDINT_H
| # include <stdint.h>
| #endif
| #ifdef HAVE_UNISTD_H
| # include <unistd.h>
| #endif
| int
| main ()
| {
| if (sizeof ((ptrdiff_t)))
| 	    return 0;
|   ;
|   return 0;
| }
configure:4549: result: yes
configure:4563: checking for stdlib.h
configure:4563: result: yes
configure:4573: checking for GNU libc compatible malloc
configure:4597: g++ -o conftest -g -O2   conftest.cpp  >&5
configure:4597: $? = 0
configure:4597: ./conftest
configure:4597: $? = 0
configure:4607: result: yes
configure:4628: checking for working memcmp
configure:4671: g++ -o conftest -g -O2   conftest.cpp  >&5
configure:4671: $? = 0
configure:4671: ./conftest
configure:4671: $? = 0
configure:4681: result: yes
configure:4692: checking for stdlib.h
configure:4692: result: yes
configure:4702: checking for GNU libc compatible realloc
configure:4726: g++ -o conftest -g -O2   conftest.cpp  >&5
configure:4726: $? = 0
configure:4726: ./conftest
configure:4726: $? = 0
configure:4736: result: yes
configure:4760: checking for ceil
configure:4760: g++ -o conftest -g -O2   conftest.cpp  >&5
configure:4760: $? = 0
configure:4760: result: yes
configure:4760: checking for floor
configure:4760: g++ -o conftest -g -O2   conftest.cpp  >&5
configure:4760: $? = 0
configure:4760: result: yes
configure:4760: checking for ftime
configure:4760: g++ -o conftest -g -O2   conftest.cpp  >&5
configure:4760: $? = 0
configure:4760: result: yes
configure:4760: checking for gethostbyname
configure:4760: g++ -o conftest -g -O2   conftest.cpp  >&5
configure:4760: $? = 0
configure:4760: result: yes
configure:4760: checking for gethostname
configure:4760: g++ -o conftest -g -O2   conftest.cpp  >&5
configure:4760: $? = 0
configure:4760: result: yes
configure:4760: checking for memset
configure:4760: g++ -o conftest -g -O2   conftest.cpp  >&5
configure:4760: $? = 0
configure:4760: result: yes
configure:4760: checking for pow
configure:4760: g++ -o conftest -g -O2   conftest.cpp  >&5
configure:4760: $? = 0
configure:4760: result: yes
configure:4760: checking for sqrt
configure:4760: g++ -o conftest -g -O2   conftest.cpp  >&5
configure:4760: $? = 0
configure:4760: result: yes
configure:4760: checking for strcasecmp
configure:4760: g++ -o conftest -g -O2   conftest.cpp  >&5
configure:4760: $? = 0
configure:4760: result: yes
configure:4760: checking for strncasecmp
configure:4760: g++ -o conftest -g -O2   conftest.cpp  >&5
configure:4760: $? = 0
configure:4760: result: yes
configure:4760: checking for strstr
configure:4760: g++ -o conftest -g -O2   conftest.cpp  >&5
configure:4760: $? = 0
configure:4760: result: yes
configure:4760: checking for strtol
configure:4760: g++ -o conftest -g -O2   conftest.cpp  >&5
configure:4760: $? = 0
configure:4760: result: yes
configure:4811: checking for xml2-config
configure:4829: found /usr/bin/xml2-config
configure:4842: result: /usr/bin/xml2-config
configure:4851: checking for libxml - version >= 2.6.5
configure:4953: g++ -o conftest -g -O2  -I/usr/include/libxml2  conftest.cpp -lxml2  >&5
configure:4953: $? = 0
configure:4953: ./conftest
configure:4953: $? = 0
configure:4968: result: yes (version 2.7.8)
configure:5036: checking zlib.h usability
configure:5036: g++ -c -g -O2  conftest.cpp >&5
configure:5036: $? = 0
configure:5036: result: yes
configure:5036: checking zlib.h presence
configure:5036: g++ -E  conftest.cpp
configure:5036: $? = 0
configure:5036: result: yes
configure:5036: checking for zlib.h
configure:5036: result: yes
configure:5048: checking for main in -lz
configure:5067: g++ -o conftest -g -O2   conftest.cpp -lz   -lxml2 >&5
configure:5067: $? = 0
configure:5076: result: yes
configure:5091: checking for main in -lboost_thread-gcc-mt
configure:5110: g++ -o conftest -g -O2   conftest.cpp -lboost_thread-gcc-mt  -lz  -lxml2 >&5
/usr/bin/ld: cannot find -lboost_thread-gcc-mt
collect2: ld returned 1 exit status
configure:5110: $? = 1
configure: failed program was:
| /* confdefs.h */
| #define PACKAGE_NAME "TheForgottenServer"
| #define PACKAGE_TARNAME "theforgottenserver"
| #define PACKAGE_VERSION "0.4"
| #define PACKAGE_STRING "TheForgottenServer 0.4"
| #define PACKAGE_BUGREPORT ""
| #define PACKAGE_URL ""
| #define PACKAGE "theforgottenserver"
| #define VERSION "0.4"
| #define STDC_HEADERS 1
| #define HAVE_SYS_TYPES_H 1
| #define HAVE_SYS_STAT_H 1
| #define HAVE_STDLIB_H 1
| #define HAVE_STRING_H 1
| #define HAVE_MEMORY_H 1
| #define HAVE_STRINGS_H 1
| #define HAVE_INTTYPES_H 1
| #define HAVE_STDINT_H 1
| #define HAVE_UNISTD_H 1
| #define HAVE_ARPA_INET_H 1
| #define HAVE_NETDB_H 1
| #define HAVE_NETINET_IN_H 1
| #define HAVE_STDDEF_H 1
| #define HAVE_STDINT_H 1
| #define HAVE_STDLIB_H 1
| #define HAVE_SYS_SOCKET_H 1
| #define HAVE_SYS_TIMEB_H 1
| #define HAVE_STDBOOL_H 1
| #define HAVE_PTRDIFF_T 1
| #define HAVE_STDLIB_H 1
| #define HAVE_MALLOC 1
| #define HAVE_STDLIB_H 1
| #define HAVE_REALLOC 1
| #define HAVE_CEIL 1
| #define HAVE_FLOOR 1
| #define HAVE_FTIME 1
| #define HAVE_GETHOSTBYNAME 1
| #define HAVE_GETHOSTNAME 1
| #define HAVE_MEMSET 1
| #define HAVE_POW 1
| #define HAVE_SQRT 1
| #define HAVE_STRCASECMP 1
| #define HAVE_STRNCASECMP 1
| #define HAVE_STRSTR 1
| #define HAVE_STRTOL 1
| #define HAVE_ZLIB_H 1
| #define HAVE_LIBZ 1
| /* end confdefs.h.  */
| 
| 
| int
| main ()
| {
| return main ();
|   ;
|   return 0;
| }
configure:5119: result: no
configure:5130: checking for main in -lboost_thread-mt
configure:5149: g++ -o conftest -g -O2   conftest.cpp -lboost_thread-mt  -lz  -lxml2 >&5
configure:5149: $? = 0
configure:5158: result: yes
configure:5219: checking for main in -lboost_regex-gcc-mt
configure:5238: g++ -o conftest -g -O2   conftest.cpp -lboost_regex-gcc-mt  -lboost_thread-mt -lz  -lxml2 >&5
/usr/bin/ld: cannot find -lboost_regex-gcc-mt
collect2: ld returned 1 exit status
configure:5238: $? = 1
configure: failed program was:
| /* confdefs.h */
| #define PACKAGE_NAME "TheForgottenServer"
| #define PACKAGE_TARNAME "theforgottenserver"
| #define PACKAGE_VERSION "0.4"
| #define PACKAGE_STRING "TheForgottenServer 0.4"
| #define PACKAGE_BUGREPORT ""
| #define PACKAGE_URL ""
| #define PACKAGE "theforgottenserver"
| #define VERSION "0.4"
| #define STDC_HEADERS 1
| #define HAVE_SYS_TYPES_H 1
| #define HAVE_SYS_STAT_H 1
| #define HAVE_STDLIB_H 1
| #define HAVE_STRING_H 1
| #define HAVE_MEMORY_H 1
| #define HAVE_STRINGS_H 1
| #define HAVE_INTTYPES_H 1
| #define HAVE_STDINT_H 1
| #define HAVE_UNISTD_H 1
| #define HAVE_ARPA_INET_H 1
| #define HAVE_NETDB_H 1
| #define HAVE_NETINET_IN_H 1
| #define HAVE_STDDEF_H 1
| #define HAVE_STDINT_H 1
| #define HAVE_STDLIB_H 1
| #define HAVE_SYS_SOCKET_H 1
| #define HAVE_SYS_TIMEB_H 1
| #define HAVE_STDBOOL_H 1
| #define HAVE_PTRDIFF_T 1
| #define HAVE_STDLIB_H 1
| #define HAVE_MALLOC 1
| #define HAVE_STDLIB_H 1
| #define HAVE_REALLOC 1
| #define HAVE_CEIL 1
| #define HAVE_FLOOR 1
| #define HAVE_FTIME 1
| #define HAVE_GETHOSTBYNAME 1
| #define HAVE_GETHOSTNAME 1
| #define HAVE_MEMSET 1
| #define HAVE_POW 1
| #define HAVE_SQRT 1
| #define HAVE_STRCASECMP 1
| #define HAVE_STRNCASECMP 1
| #define HAVE_STRSTR 1
| #define HAVE_STRTOL 1
| #define HAVE_ZLIB_H 1
| #define HAVE_LIBZ 1
| #define HAVE_LIBBOOST_THREAD_MT 1
| /* end confdefs.h.  */
| 
| 
| int
| main ()
| {
| return main ();
|   ;
|   return 0;
| }
configure:5247: result: no
configure:5258: checking for main in -lboost_regex-mt
configure:5277: g++ -o conftest -g -O2   conftest.cpp -lboost_regex-mt  -lboost_thread-mt -lz  -lxml2 >&5
configure:5277: $? = 0
configure:5286: result: yes
configure:5347: checking for main in -lboost_system-gcc-mt
configure:5366: g++ -o conftest -g -O2   conftest.cpp -lboost_system-gcc-mt  -lboost_regex-mt -lboost_thread-mt -lz  -lxml2 >&5
/usr/bin/ld: cannot find -lboost_system-gcc-mt
collect2: ld returned 1 exit status
configure:5366: $? = 1
configure: failed program was:
| /* confdefs.h */
| #define PACKAGE_NAME "TheForgottenServer"
| #define PACKAGE_TARNAME "theforgottenserver"
| #define PACKAGE_VERSION "0.4"
| #define PACKAGE_STRING "TheForgottenServer 0.4"
| #define PACKAGE_BUGREPORT ""
| #define PACKAGE_URL ""
| #define PACKAGE "theforgottenserver"
| #define VERSION "0.4"
| #define STDC_HEADERS 1
| #define HAVE_SYS_TYPES_H 1
| #define HAVE_SYS_STAT_H 1
| #define HAVE_STDLIB_H 1
| #define HAVE_STRING_H 1
| #define HAVE_MEMORY_H 1
| #define HAVE_STRINGS_H 1
| #define HAVE_INTTYPES_H 1
| #define HAVE_STDINT_H 1
| #define HAVE_UNISTD_H 1
| #define HAVE_ARPA_INET_H 1
| #define HAVE_NETDB_H 1
| #define HAVE_NETINET_IN_H 1
| #define HAVE_STDDEF_H 1
| #define HAVE_STDINT_H 1
| #define HAVE_STDLIB_H 1
| #define HAVE_SYS_SOCKET_H 1
| #define HAVE_SYS_TIMEB_H 1
| #define HAVE_STDBOOL_H 1
| #define HAVE_PTRDIFF_T 1
| #define HAVE_STDLIB_H 1
| #define HAVE_MALLOC 1
| #define HAVE_STDLIB_H 1
| #define HAVE_REALLOC 1
| #define HAVE_CEIL 1
| #define HAVE_FLOOR 1
| #define HAVE_FTIME 1
| #define HAVE_GETHOSTBYNAME 1
| #define HAVE_GETHOSTNAME 1
| #define HAVE_MEMSET 1
| #define HAVE_POW 1
| #define HAVE_SQRT 1
| #define HAVE_STRCASECMP 1
| #define HAVE_STRNCASECMP 1
| #define HAVE_STRSTR 1
| #define HAVE_STRTOL 1
| #define HAVE_ZLIB_H 1
| #define HAVE_LIBZ 1
| #define HAVE_LIBBOOST_THREAD_MT 1
| #define HAVE_LIBBOOST_REGEX_MT 1
| /* end confdefs.h.  */
| 
| 
| int
| main ()
| {
| return main ();
|   ;
|   return 0;
| }
configure:5375: result: no
configure:5386: checking for main in -lboost_system-mt
configure:5405: g++ -o conftest -g -O2   conftest.cpp -lboost_system-mt  -lboost_regex-mt -lboost_thread-mt -lz  -lxml2 >&5
configure:5405: $? = 0
configure:5414: result: yes
configure:5475: checking for main in -lboost_date_time-gcc-mt
configure:5494: g++ -o conftest -g -O2   conftest.cpp -lboost_date_time-gcc-mt  -lboost_system-mt -lboost_regex-mt -lboost_thread-mt -lz  -lxml2 >&5
/usr/bin/ld: cannot find -lboost_date_time-gcc-mt
collect2: ld returned 1 exit status
configure:5494: $? = 1
configure: failed program was:
| /* confdefs.h */
| #define PACKAGE_NAME "TheForgottenServer"
| #define PACKAGE_TARNAME "theforgottenserver"
| #define PACKAGE_VERSION "0.4"
| #define PACKAGE_STRING "TheForgottenServer 0.4"
| #define PACKAGE_BUGREPORT ""
| #define PACKAGE_URL ""
| #define PACKAGE "theforgottenserver"
| #define VERSION "0.4"
| #define STDC_HEADERS 1
| #define HAVE_SYS_TYPES_H 1
| #define HAVE_SYS_STAT_H 1
| #define HAVE_STDLIB_H 1
| #define HAVE_STRING_H 1
| #define HAVE_MEMORY_H 1
| #define HAVE_STRINGS_H 1
| #define HAVE_INTTYPES_H 1
| #define HAVE_STDINT_H 1
| #define HAVE_UNISTD_H 1
| #define HAVE_ARPA_INET_H 1
| #define HAVE_NETDB_H 1
| #define HAVE_NETINET_IN_H 1
| #define HAVE_STDDEF_H 1
| #define HAVE_STDINT_H 1
| #define HAVE_STDLIB_H 1
| #define HAVE_SYS_SOCKET_H 1
| #define HAVE_SYS_TIMEB_H 1
| #define HAVE_STDBOOL_H 1
| #define HAVE_PTRDIFF_T 1
| #define HAVE_STDLIB_H 1
| #define HAVE_MALLOC 1
| #define HAVE_STDLIB_H 1
| #define HAVE_REALLOC 1
| #define HAVE_CEIL 1
| #define HAVE_FLOOR 1
| #define HAVE_FTIME 1
| #define HAVE_GETHOSTBYNAME 1
| #define HAVE_GETHOSTNAME 1
| #define HAVE_MEMSET 1
| #define HAVE_POW 1
| #define HAVE_SQRT 1
| #define HAVE_STRCASECMP 1
| #define HAVE_STRNCASECMP 1
| #define HAVE_STRSTR 1
| #define HAVE_STRTOL 1
| #define HAVE_ZLIB_H 1
| #define HAVE_LIBZ 1
| #define HAVE_LIBBOOST_THREAD_MT 1
| #define HAVE_LIBBOOST_REGEX_MT 1
| #define HAVE_LIBBOOST_SYSTEM_MT 1
| /* end confdefs.h.  */
| 
| 
| int
| main ()
| {
| return main ();
|   ;
|   return 0;
| }
configure:5503: result: no
configure:5514: checking for main in -lboost_date_time-mt
configure:5533: g++ -o conftest -g -O2   conftest.cpp -lboost_date_time-mt  -lboost_system-mt -lboost_regex-mt -lboost_thread-mt -lz  -lxml2 >&5
configure:5533: $? = 0
configure:5542: result: yes
configure:5603: checking for main in -lboost_filesystem-gcc-mt
configure:5622: g++ -o conftest -g -O2   conftest.cpp -lboost_filesystem-gcc-mt  -lboost_date_time-mt -lboost_system-mt -lboost_regex-mt -lboost_thread-mt -lz  -lxml2 >&5
/usr/bin/ld: cannot find -lboost_filesystem-gcc-mt
collect2: ld returned 1 exit status
configure:5622: $? = 1
configure: failed program was:
| /* confdefs.h */
| #define PACKAGE_NAME "TheForgottenServer"
| #define PACKAGE_TARNAME "theforgottenserver"
| #define PACKAGE_VERSION "0.4"
| #define PACKAGE_STRING "TheForgottenServer 0.4"
| #define PACKAGE_BUGREPORT ""
| #define PACKAGE_URL ""
| #define PACKAGE "theforgottenserver"
| #define VERSION "0.4"
| #define STDC_HEADERS 1
| #define HAVE_SYS_TYPES_H 1
| #define HAVE_SYS_STAT_H 1
| #define HAVE_STDLIB_H 1
| #define HAVE_STRING_H 1
| #define HAVE_MEMORY_H 1
| #define HAVE_STRINGS_H 1
| #define HAVE_INTTYPES_H 1
| #define HAVE_STDINT_H 1
| #define HAVE_UNISTD_H 1
| #define HAVE_ARPA_INET_H 1
| #define HAVE_NETDB_H 1
| #define HAVE_NETINET_IN_H 1
| #define HAVE_STDDEF_H 1
| #define HAVE_STDINT_H 1
| #define HAVE_STDLIB_H 1
| #define HAVE_SYS_SOCKET_H 1
| #define HAVE_SYS_TIMEB_H 1
| #define HAVE_STDBOOL_H 1
| #define HAVE_PTRDIFF_T 1
| #define HAVE_STDLIB_H 1
| #define HAVE_MALLOC 1
| #define HAVE_STDLIB_H 1
| #define HAVE_REALLOC 1
| #define HAVE_CEIL 1
| #define HAVE_FLOOR 1
| #define HAVE_FTIME 1
| #define HAVE_GETHOSTBYNAME 1
| #define HAVE_GETHOSTNAME 1
| #define HAVE_MEMSET 1
| #define HAVE_POW 1
| #define HAVE_SQRT 1
| #define HAVE_STRCASECMP 1
| #define HAVE_STRNCASECMP 1
| #define HAVE_STRSTR 1
| #define HAVE_STRTOL 1
| #define HAVE_ZLIB_H 1
| #define HAVE_LIBZ 1
| #define HAVE_LIBBOOST_THREAD_MT 1
| #define HAVE_LIBBOOST_REGEX_MT 1
| #define HAVE_LIBBOOST_SYSTEM_MT 1
| #define HAVE_LIBBOOST_DATE_TIME_MT 1
| /* end confdefs.h.  */
| 
| 
| int
| main ()
| {
| return main ();
|   ;
|   return 0;
| }
configure:5631: result: no
configure:5642: checking for main in -lboost_filesystem-mt
configure:5661: g++ -o conftest -g -O2   conftest.cpp -lboost_filesystem-mt  -lboost_date_time-mt -lboost_system-mt -lboost_regex-mt -lboost_thread-mt -lz  -lxml2 >&5
configure:5661: $? = 0
configure:5670: result: yes
configure:5734: checking boost/tr1/unordered_set.hpp usability
configure:5734: g++ -c -g -O2  conftest.cpp >&5
configure:5734: $? = 0
configure:5734: result: yes
configure:5734: checking boost/tr1/unordered_set.hpp presence
configure:5734: g++ -E  conftest.cpp
configure:5734: $? = 0
configure:5734: result: yes
configure:5734: checking for boost/tr1/unordered_set.hpp
configure:5734: result: yes
configure:5751: checking cryptopp/sha.h usability
configure:5751: g++ -c -g -O2  conftest.cpp >&5
configure:5751: $? = 0
configure:5751: result: yes
configure:5751: checking cryptopp/sha.h presence
configure:5751: g++ -E  conftest.cpp
configure:5751: $? = 0
configure:5751: result: yes
configure:5751: checking for cryptopp/sha.h
configure:5751: result: yes
configure:5751: checking cryptopp/md5.h usability
configure:5751: g++ -c -g -O2  conftest.cpp >&5
In file included from conftest.cpp:89:
/usr/include/cryptopp/md5.h:25:2: warning: #warning "You may be using a weak algorithm that has been retained for backwards compatibility. Please '#define CRYPTOPP_ENABLE_NAMESPACE_WEAK 1' before including this .h file and prepend the class name with 'Weak::' to remove this warning."
configure:5751: $? = 0
configure:5751: result: yes
configure:5751: checking cryptopp/md5.h presence
configure:5751: g++ -E  conftest.cpp
In file included from conftest.cpp:56:
/usr/include/cryptopp/md5.h:25:2: warning: #warning "You may be using a weak algorithm that has been retained for backwards compatibility. Please '#define CRYPTOPP_ENABLE_NAMESPACE_WEAK 1' before including this .h file and prepend the class name with 'Weak::' to remove this warning."
configure:5751: $? = 0
configure:5751: result: yes
configure:5751: checking for cryptopp/md5.h
configure:5751: result: yes
configure:5751: checking cryptopp/adler32.h usability
configure:5751: g++ -c -g -O2  conftest.cpp >&5
configure:5751: $? = 0
configure:5751: result: yes
configure:5751: checking cryptopp/adler32.h presence
configure:5751: g++ -E  conftest.cpp
configure:5751: $? = 0
configure:5751: result: yes
configure:5751: checking for cryptopp/adler32.h
configure:5751: result: yes
configure:5751: checking cryptopp/hex.h usability
configure:5751: g++ -c -g -O2  conftest.cpp >&5
configure:5751: $? = 0
configure:5751: result: yes
configure:5751: checking cryptopp/hex.h presence
configure:5751: g++ -E  conftest.cpp
configure:5751: $? = 0
configure:5751: result: yes
configure:5751: checking for cryptopp/hex.h
configure:5751: result: yes
configure:5751: checking cryptopp/base64.h usability
configure:5751: g++ -c -g -O2  conftest.cpp >&5
configure:5751: $? = 0
configure:5751: result: yes
configure:5751: checking cryptopp/base64.h presence
configure:5751: g++ -E  conftest.cpp
configure:5751: $? = 0
configure:5751: result: yes
configure:5751: checking for cryptopp/base64.h
configure:5751: result: yes
configure:5751: checking cryptopp/hmac.h usability
configure:5751: g++ -c -g -O2  conftest.cpp >&5
configure:5751: $? = 0
configure:5751: result: yes
configure:5751: checking cryptopp/hmac.h presence
configure:5751: g++ -E  conftest.cpp
configure:5751: $? = 0
configure:5751: result: yes
configure:5751: checking for cryptopp/hmac.h
configure:5751: result: yes
configure:5751: checking cryptopp/cryptlib.h usability
configure:5751: g++ -c -g -O2  conftest.cpp >&5
configure:5751: $? = 0
configure:5751: result: yes
configure:5751: checking cryptopp/cryptlib.h presence
configure:5751: g++ -E  conftest.cpp
configure:5751: $? = 0
configure:5751: result: yes
configure:5751: checking for cryptopp/cryptlib.h
configure:5751: result: yes
configure:5763: checking for main in -lcryptopp
configure:5782: g++ -o conftest -g -O2   conftest.cpp -lcryptopp  -lboost_filesystem-mt -lboost_date_time-mt -lboost_system-mt -lboost_regex-mt -lboost_thread-mt -lz  -lxml2 >&5
configure:5782: $? = 0
configure:5791: result: yes
configure:5809: checking openssl/rsa.h usability
configure:5809: g++ -c -g -O2  conftest.cpp >&5
configure:5809: $? = 0
configure:5809: result: yes
configure:5809: checking openssl/rsa.h presence
configure:5809: g++ -E  conftest.cpp
configure:5809: $? = 0
configure:5809: result: yes
configure:5809: checking for openssl/rsa.h
configure:5809: result: yes
configure:5809: checking openssl/bn.h usability
configure:5809: g++ -c -g -O2  conftest.cpp >&5
configure:5809: $? = 0
configure:5809: result: yes
configure:5809: checking openssl/bn.h presence
configure:5809: g++ -E  conftest.cpp
configure:5809: $? = 0
configure:5809: result: yes
configure:5809: checking for openssl/bn.h
configure:5809: result: yes
configure:5809: checking openssl/err.h usability
configure:5809: g++ -c -g -O2  conftest.cpp >&5
configure:5809: $? = 0
configure:5809: result: yes
configure:5809: checking openssl/err.h presence
configure:5809: g++ -E  conftest.cpp
configure:5809: $? = 0
configure:5809: result: yes
configure:5809: checking for openssl/err.h
configure:5809: result: yes
configure:5821: checking for main in -lcrypto
configure:5840: g++ -o conftest -g -O2   conftest.cpp -lcrypto  -lcryptopp -lboost_filesystem-mt -lboost_date_time-mt -lboost_system-mt -lboost_regex-mt -lboost_thread-mt -lz  -lxml2 >&5
configure:5840: $? = 0
configure:5849: result: yes
configure:5870: checking mysql/mysql.h usability
configure:5870: g++ -c -g -O2  conftest.cpp >&5
configure:5870: $? = 0
configure:5870: result: yes
configure:5870: checking mysql/mysql.h presence
configure:5870: g++ -E  conftest.cpp
configure:5870: $? = 0
configure:5870: result: yes
configure:5870: checking for mysql/mysql.h
configure:5870: result: yes
configure:5882: checking for main in -lmysqlclient
configure:5901: g++ -o conftest -g -O2   conftest.cpp -lmysqlclient  -lcrypto -lcryptopp -lboost_filesystem-mt -lboost_date_time-mt -lboost_system-mt -lboost_regex-mt -lboost_thread-mt -lz  -lxml2 >&5
configure:5901: $? = 0
configure:5910: result: yes
configure:6232: creating ./config.status

## ---------------------- ##
## Running config.status. ##
## ---------------------- ##

This file was extended by TheForgottenServer config.status 0.4, which was
generated by GNU Autoconf 2.67.  Invocation command line was

  CONFIG_FILES    = 
  CONFIG_HEADERS  = 
  CONFIG_LINKS    = 
  CONFIG_COMMANDS = 
  $ ./config.status 

on s114

config.status:926: creating Makefile
config.status:926: creating config.h
config.status:1106: config.h is unchanged
config.status:1154: executing depfiles commands

## ---------------- ##
## Cache variables. ##
## ---------------- ##

ac_cv_c_const=yes
ac_cv_c_inline=inline
ac_cv_c_int16_t=yes
ac_cv_c_int32_t=yes
ac_cv_c_int64_t=yes
ac_cv_c_uint16_t=yes
ac_cv_c_uint32_t=yes
ac_cv_c_uint64_t=yes
ac_cv_c_uint8_t=yes
ac_cv_cxx_compiler_gnu=yes
ac_cv_env_CCC_set=
ac_cv_env_CCC_value=
ac_cv_env_CPPFLAGS_set=
ac_cv_env_CPPFLAGS_value=
ac_cv_env_CXXCPP_set=
ac_cv_env_CXXCPP_value=
ac_cv_env_CXXFLAGS_set=
ac_cv_env_CXXFLAGS_value=
ac_cv_env_CXX_set=
ac_cv_env_CXX_value=
ac_cv_env_LDFLAGS_set=
ac_cv_env_LDFLAGS_value=
ac_cv_env_LIBS_set=
ac_cv_env_LIBS_value=
ac_cv_env_build_alias_set=
ac_cv_env_build_alias_value=
ac_cv_env_host_alias_set=
ac_cv_env_host_alias_value=
ac_cv_env_target_alias_set=
ac_cv_env_target_alias_value=
ac_cv_func_ceil=yes
ac_cv_func_floor=yes
ac_cv_func_ftime=yes
ac_cv_func_gethostbyname=yes
ac_cv_func_gethostname=yes
ac_cv_func_malloc_0_nonnull=yes
ac_cv_func_memcmp_working=yes
ac_cv_func_memset=yes
ac_cv_func_pow=yes
ac_cv_func_realloc_0_nonnull=yes
ac_cv_func_sqrt=yes
ac_cv_func_strcasecmp=yes
ac_cv_func_strncasecmp=yes
ac_cv_func_strstr=yes
ac_cv_func_strtol=yes
ac_cv_header_arpa_inet_h=yes
ac_cv_header_boost_tr1_unordered_set_hpp=yes
ac_cv_header_cryptopp_adler32_h=yes
ac_cv_header_cryptopp_base64_h=yes
ac_cv_header_cryptopp_cryptlib_h=yes
ac_cv_header_cryptopp_hex_h=yes
ac_cv_header_cryptopp_hmac_h=yes
ac_cv_header_cryptopp_md5_h=yes
ac_cv_header_cryptopp_sha_h=yes
ac_cv_header_inttypes_h=yes
ac_cv_header_memory_h=yes
ac_cv_header_mysql_mysql_h=yes
ac_cv_header_netdb_h=yes
ac_cv_header_netinet_in_h=yes
ac_cv_header_openssl_bn_h=yes
ac_cv_header_openssl_err_h=yes
ac_cv_header_openssl_rsa_h=yes
ac_cv_header_stdbool_h=yes
ac_cv_header_stdc=yes
ac_cv_header_stddef_h=yes
ac_cv_header_stdint_h=yes
ac_cv_header_stdlib_h=yes
ac_cv_header_string_h=yes
ac_cv_header_strings_h=yes
ac_cv_header_sys_socket_h=yes
ac_cv_header_sys_stat_h=yes
ac_cv_header_sys_timeb_h=yes
ac_cv_header_sys_types_h=yes
ac_cv_header_unistd_h=yes
ac_cv_header_zlib_h=yes
ac_cv_lib_boost_date_time_gcc_mt_main=no
ac_cv_lib_boost_date_time_mt_main=yes
ac_cv_lib_boost_filesystem_gcc_mt_main=no
ac_cv_lib_boost_filesystem_mt_main=yes
ac_cv_lib_boost_regex_gcc_mt_main=no
ac_cv_lib_boost_regex_mt_main=yes
ac_cv_lib_boost_system_gcc_mt_main=no
ac_cv_lib_boost_system_mt_main=yes
ac_cv_lib_boost_thread_gcc_mt_main=no
ac_cv_lib_boost_thread_mt_main=yes
ac_cv_lib_crypto_main=yes
ac_cv_lib_cryptopp_main=yes
ac_cv_lib_mysqlclient_main=yes
ac_cv_lib_z_main=yes
ac_cv_objext=o
ac_cv_path_EGREP='/bin/grep -E'
ac_cv_path_GREP=/bin/grep
ac_cv_path_XML2_CONFIG=/usr/bin/xml2-config
ac_cv_path_install='/usr/bin/install -c'
ac_cv_path_mkdir=/bin/mkdir
ac_cv_prog_AWK=gawk
ac_cv_prog_CXXCPP='g++ -E'
ac_cv_prog_ac_ct_CXX=g++
ac_cv_prog_cxx_g=yes
ac_cv_prog_make_make_set=yes
ac_cv_struct_tm=time.h
ac_cv_type__Bool=no
ac_cv_type_ptrdiff_t=yes
ac_cv_type_size_t=yes
am_cv_CXX_dependencies_compiler_type=gcc3

## ----------------- ##
## Output variables. ##
## ----------------- ##

ACLOCAL='${SHELL} /home/alimek/source_cudd/missing --run aclocal-1.11'
AMDEPBACKSLASH='\'
AMDEP_FALSE='#'
AMDEP_TRUE=''
AMTAR='${SHELL} /home/alimek/source_cudd/missing --run tar'
AUTOCONF='${SHELL} /home/alimek/source_cudd/missing --run autoconf'
AUTOHEADER='${SHELL} /home/alimek/source_cudd/missing --run autoheader'
AUTOMAKE='${SHELL} /home/alimek/source_cudd/missing --run automake-1.11'
AWK='gawk'
CPPFLAGS=''
CXX='g++'
CXXCPP='g++ -E'
CXXDEPMODE='depmode=gcc3'
CXXFLAGS='-g -O2'
CYGPATH_W='echo'
DEBUG_FLAGS='-O2 -fomit-frame-pointer'
DEFS='-DHAVE_CONFIG_H'
DEPDIR='.deps'
ECHO_C=''
ECHO_N='-n'
ECHO_T=''
EGREP='/bin/grep -E'
EXEEXT=''
GREP='/bin/grep'
INSTALL_DATA='${INSTALL} -m 644'
INSTALL_PROGRAM='${INSTALL}'
INSTALL_SCRIPT='${INSTALL}'
INSTALL_STRIP_PROGRAM='$(install_sh) -c -s'
LDFLAGS=''
LIBOBJS=''
LIBS='-lmysqlclient -lcrypto -lcryptopp -lboost_filesystem-mt -lboost_date_time-mt -lboost_system-mt -lboost_regex-mt -lboost_thread-mt -lz  -lxml2'
LOGIN_SERVER_FALSE=''
LOGIN_SERVER_TRUE='#'
LTLIBOBJS=''
MAKEINFO='${SHELL} /home/alimek/source_cudd/missing --run makeinfo'
MKDIR_P='/bin/mkdir -p'
MYSQL_FLAGS='-D__USE_MYSQL__'
MYSQL_LIBS='-lmysqlclient'
OBJEXT='o'
OPTIONAL_FLAGS=' -D__ENABLE_SERVER_DIAGNOSTIC__'
OT_ADMIN_FALSE=''
OT_ADMIN_TRUE='#'
PACKAGE='theforgottenserver'
PACKAGE_BUGREPORT=''
PACKAGE_NAME='TheForgottenServer'
PACKAGE_STRING='TheForgottenServer 0.4'
PACKAGE_TARNAME='theforgottenserver'
PACKAGE_URL=''
PACKAGE_VERSION='0.4'
PATH_SEPARATOR=':'
PGSQL_FLAGS=''
PGSQL_LIBS=''
PROFILER_FLAGS=''
SET_MAKE=''
SHELL='/bin/bash'
SQLITE_FLAGS=''
SQLITE_LIBS=''
STRIP=''
USE_MYSQL_FALSE='#'
USE_MYSQL_TRUE=''
USE_PGSQL_FALSE=''
USE_PGSQL_TRUE='#'
USE_SQLITE_FALSE=''
USE_SQLITE_TRUE='#'
VERSION='0.4'
XML2_CONFIG='/usr/bin/xml2-config'
XML_CPPFLAGS='-I/usr/include/libxml2'
XML_LIBS='-lxml2'
ac_ct_CXX='g++'
am__EXEEXT_FALSE=''
am__EXEEXT_TRUE='#'
am__fastdepCXX_FALSE='#'
am__fastdepCXX_TRUE=''
am__include='include'
am__isrc=''
am__leading_dot='.'
am__quote=''
am__tar='${AMTAR} chof - "$$tardir"'
am__untar='${AMTAR} xf -'
bindir='${exec_prefix}/bin'
build_alias=''
datadir='${datarootdir}'
datarootdir='${prefix}/share'
docdir='${datarootdir}/doc/${PACKAGE_TARNAME}'
dvidir='${docdir}'
exec_prefix='${prefix}'
host_alias=''
htmldir='${docdir}'
includedir='${prefix}/include'
infodir='${datarootdir}/info'
install_sh='${SHELL} /home/alimek/source_cudd/install-sh'
libdir='${exec_prefix}/lib'
libexecdir='${exec_prefix}/libexec'
localedir='${datarootdir}/locale'
localstatedir='${prefix}/var'
mandir='${datarootdir}/man'
mkdir_p='/bin/mkdir -p'
oldincludedir='/usr/include'
pdfdir='${docdir}'
prefix='/usr/local'
program_transform_name='s,x,x,'
psdir='${docdir}'
sbindir='${exec_prefix}/sbin'
sharedstatedir='${prefix}/com'
sysconfdir='${prefix}/etc'
target_alias=''

## ----------- ##
## confdefs.h. ##
## ----------- ##

/* confdefs.h */
#define PACKAGE_NAME "TheForgottenServer"
#define PACKAGE_TARNAME "theforgottenserver"
#define PACKAGE_VERSION "0.4"
#define PACKAGE_STRING "TheForgottenServer 0.4"
#define PACKAGE_BUGREPORT ""
#define PACKAGE_URL ""
#define PACKAGE "theforgottenserver"
#define VERSION "0.4"
#define STDC_HEADERS 1
#define HAVE_SYS_TYPES_H 1
#define HAVE_SYS_STAT_H 1
#define HAVE_STDLIB_H 1
#define HAVE_STRING_H 1
#define HAVE_MEMORY_H 1
#define HAVE_STRINGS_H 1
#define HAVE_INTTYPES_H 1
#define HAVE_STDINT_H 1
#define HAVE_UNISTD_H 1
#define HAVE_ARPA_INET_H 1
#define HAVE_NETDB_H 1
#define HAVE_NETINET_IN_H 1
#define HAVE_STDDEF_H 1
#define HAVE_STDINT_H 1
#define HAVE_STDLIB_H 1
#define HAVE_SYS_SOCKET_H 1
#define HAVE_SYS_TIMEB_H 1
#define HAVE_STDBOOL_H 1
#define HAVE_PTRDIFF_T 1
#define HAVE_STDLIB_H 1
#define HAVE_MALLOC 1
#define HAVE_STDLIB_H 1
#define HAVE_REALLOC 1
#define HAVE_CEIL 1
#define HAVE_FLOOR 1
#define HAVE_FTIME 1
#define HAVE_GETHOSTBYNAME 1
#define HAVE_GETHOSTNAME 1
#define HAVE_MEMSET 1
#define HAVE_POW 1
#define HAVE_SQRT 1
#define HAVE_STRCASECMP 1
#define HAVE_STRNCASECMP 1
#define HAVE_STRSTR 1
#define HAVE_STRTOL 1
#define HAVE_ZLIB_H 1
#define HAVE_LIBZ 1
#define HAVE_LIBBOOST_THREAD_MT 1
#define HAVE_LIBBOOST_REGEX_MT 1
#define HAVE_LIBBOOST_SYSTEM_MT 1
#define HAVE_LIBBOOST_DATE_TIME_MT 1
#define HAVE_LIBBOOST_FILESYSTEM_MT 1
#define HAVE_BOOST_TR1_UNORDERED_SET_HPP 1
#define HAVE_CRYPTOPP_SHA_H 1
#define HAVE_CRYPTOPP_MD5_H 1
#define HAVE_CRYPTOPP_ADLER32_H 1
#define HAVE_CRYPTOPP_HEX_H 1
#define HAVE_CRYPTOPP_BASE64_H 1
#define HAVE_CRYPTOPP_HMAC_H 1
#define HAVE_CRYPTOPP_CRYPTLIB_H 1
#define HAVE_LIBCRYPTOPP 1
#define HAVE_OPENSSL_RSA_H 1
#define HAVE_OPENSSL_BN_H 1
#define HAVE_OPENSSL_ERR_H 1
#define HAVE_LIBCRYPTO 1
#define HAVE_MYSQL_MYSQL_H 1
#define HAVE_LIBMYSQLCLIENT 1

configure: exit 0
